<?xml version="1.0" encoding="UTF-8"?>
<testng-results ignored="0" total="1" passed="1" failed="0" skipped="0">
  <reporter-output>
  </reporter-output>
  <suite started-at="2025-09-26T02:48:55 IST" name="ParaBank Test Suite" finished-at="2025-09-26T02:49:00 IST" duration-ms="5185">
    <groups>
    </groups>
    <test started-at="2025-09-26T02:48:55 IST" name="Chrome Tests" finished-at="2025-09-26T02:49:00 IST" duration-ms="5185">
      <class name="com.parabank.tests.LoginTests">
        <test-method is-config="true" signature="setUp()[pri:0, instance:com.parabank.tests.LoginTests@2a7f1f10]" started-at="2025-09-26T02:48:55 IST" name="setUp" finished-at="2025-09-26T02:48:59 IST" duration-ms="3674" status="PASS">
          <reporter-output>
          </reporter-output>
        </test-method> <!-- setUp -->
        <test-method signature="testValidLogin()[pri:0, instance:com.parabank.tests.LoginTests@2a7f1f10]" started-at="2025-09-26T02:48:59 IST" name="testValidLogin" finished-at="2025-09-26T02:49:00 IST" duration-ms="1150" status="PASS">
          <reporter-output>
          </reporter-output>
        </test-method> <!-- testValidLogin -->
        <test-method is-config="true" signature="tearDown()[pri:0, instance:com.parabank.tests.LoginTests@2a7f1f10]" started-at="2025-09-26T02:49:00 IST" name="tearDown" finished-at="2025-09-26T02:49:00 IST" duration-ms="317" status="PASS">
          <reporter-output>
          </reporter-output>
        </test-method> <!-- tearDown -->
      </class> <!-- com.parabank.tests.LoginTests -->
    </test> <!-- Chrome Tests -->
  </suite> <!-- ParaBank Test Suite -->
</testng-results>
